2021-08-13 03:56:55 [Engine][Information]: NekoEngine Test Application v0.8.27
2021-08-13 03:56:55 [Engine][Information]: Copyright (C) 2020-2021 Alexandru Naiman. All Rights Reserved.
2021-08-13 03:56:55 [Engine][Information]: NekoEngine "Olivia" v0.8.153
2021-08-13 03:56:55 [Engine][Information]: Copyright (C) 2015-2021 Alexandru Naiman. All Rights Reserved.
2021-08-13 03:56:55 [Engine][Information]: Starting up...
2021-08-13 03:56:55 [Engine][Information]: Host: A2
2021-08-13 03:56:55 [Engine][Information]: Platform: Windows NT Workstation 6.1.7601 Service Pack 1
2021-08-13 03:56:55 [Engine][Information]: CPU: AMD Ryzen 9 3900X 12-Core Processor            
2021-08-13 03:56:55 [Engine][Information]: 	Frequency: 3640 MHz
2021-08-13 03:56:55 [Engine][Information]: 	Count: 12 / 24
2021-08-13 03:56:55 [Engine][Information]: 	Architecture: x64
2021-08-13 03:56:55 [Engine][Information]: 	Big Endian: no
2021-08-13 03:56:55 [VulkanDrv][Information]: Validation enabled
2021-08-13 03:56:55 [Render][Information]: GPU: NVIDIA GeForce RTX 2080 (Vulkan)
2021-08-13 03:56:55 [Render][Information]: 	Memory: 8020 MB
2021-08-13 03:56:55 [Render][Information]: 	Ray Tracing: yes
2021-08-13 03:56:55 [Render][Information]: 	Mesh Shading: yes
2021-08-13 03:56:55 [Render][Information]: 	Unified Memory: no
2021-08-13 03:56:55 [Render][Information]: 	Coherent Memory: no
2021-08-13 03:56:56 [Material][Information]: Shader ??????R not found for material type ???t
2021-08-13 03:57:01 [Engine][Information]: Failed to initialize UI
